AORMS/app/build/intermediates/manifest_merge_blame_file/release/manifest-merger-blame-release-report.txt
1<?xml version="1.0" encoding="utf-8"?>
2<manifest xmlns:android="http://schemas.android.com/apk/res/android"
3    xmlns:dist="http://schemas.android.com/apk/distribution"
4    package="com.example.aorms"
5    android:versionCode="1"
6    android:versionName="1.0" >
7
8    <uses-sdk
9        android:minSdkVersion="15"
9-->src\main\AndroidManifest.xml
10        android:targetSdkVersion="29" />
10-->src\main\AndroidManifest.xml
11
12    <dist:module dist:instant="true" />
12-->src\main\AndroidManifest.xml:6:5-40
12-->src\main\AndroidManifest.xml:6:18-37
13
14    <application
14-->src\main\AndroidManifest.xml:8:5-31:19
15        android:allowBackup="true"
15-->src\main\AndroidManifest.xml:9:9-35
16        android:appComponentFactory="androidx.core.app.CoreComponentFactory"
16-->[androidx.core:core:1.1.0] AndroidManifest.xml:24:18-86
17        android:icon="@mipmap/ic_launcher"
17-->src\main\AndroidManifest.xml:10:9-43
18        android:label="@string/app_name"
18-->src\main\AndroidManifest.xml:11:9-41
19        android:roundIcon="@mipmap/ic_launcher_round"
19-->src\main\AndroidManifest.xml:12:9-54
20        android:supportsRtl="true"
20-->src\main\AndroidManifest.xml:13:9-35
21        android:theme="@style/AppTheme" >
21-->src\main\AndroidManifest.xml:14:9-40
22        <activity android:name="com.example.aorms.ChefScreenActivity" />
22-->src\main\AndroidManifest.xml:15:9-65
22-->src\main\AndroidManifest.xml:15:19-53
23        <activity android:name="com.example.aorms.ChangeThresholdActivity" />
23-->src\main\AndroidManifest.xml:16:9-61
23-->src\main\AndroidManifest.xml:16:19-58
24        <activity android:name="com.example.aorms.SameQueueChangeActivity" />
24-->src\main\AndroidManifest.xml:17:9-61
24-->src\main\AndroidManifest.xml:17:19-58
25        <activity android:name="com.example.aorms.DifferentQueueChangeActivity" />
25-->src\main\AndroidManifest.xml:18:9-66
25-->src\main\AndroidManifest.xml:18:19-63
26        <activity android:name="com.example.aorms.QueueChangeActivity" />
26-->src\main\AndroidManifest.xml:19:9-57
26-->src\main\AndroidManifest.xml:19:19-54
27        <activity
27-->src\main\AndroidManifest.xml:20:9-28:20
28            android:name="com.example.aorms.ChefListActivity"
28-->src\main\AndroidManifest.xml:21:13-45
29            android:label="Chef List" >
29-->src\main\AndroidManifest.xml:22:13-38
30            <intent-filter>
30-->src\main\AndroidManifest.xml:23:13-27:29
31                <action android:name="android.intent.action.MAIN" />
31-->src\main\AndroidManifest.xml:24:17-69
31-->src\main\AndroidManifest.xml:24:25-66
32
33                <category android:name="android.intent.category.LAUNCHER" />
33-->src\main\AndroidManifest.xml:26:17-77
33-->src\main\AndroidManifest.xml:26:27-74
34            </intent-filter>
35        </activity>
36        <activity android:name="com.example.aorms.ChefQueActivity" />
36-->src\main\AndroidManifest.xml:29:9-53
36-->src\main\AndroidManifest.xml:29:19-50
37        <activity android:name="com.example.aorms.MainActivity" />
37-->src\main\AndroidManifest.xml:30:9-50
37-->src\main\AndroidManifest.xml:30:19-47
38
39        <provider
39-->[androidx.lifecycle:lifecycle-process:2.0.0] AndroidManifest.xml:23:9-27:43
40            android:name="androidx.lifecycle.ProcessLifecycleOwnerInitializer"
40-->[androidx.lifecycle:lifecycle-process:2.0.0] AndroidManifest.xml:24:13-79
41            android:authorities="com.example.aorms.lifecycle-process"
41-->[androidx.lifecycle:lifecycle-process:2.0.0] AndroidManifest.xml:25:13-69
42            android:exported="false"
42-->[androidx.lifecycle:lifecycle-process:2.0.0] AndroidManifest.xml:26:13-37
43            android:multiprocess="true" />
43-->[androidx.lifecycle:lifecycle-process:2.0.0] AndroidManifest.xml:27:13-40
44    </application>
45
46</manifest>